<?xml version="1.0" encoding="UTF-8"?>
<testsuite name="com.docker.test.DockerTestApplicationTests" tests="1" skipped="0" failures="0" errors="0" timestamp="2022-08-09T07:24:36" hostname="YUNDONGSIK" time="0.601">
  <properties/>
  <testcase name="contextLoads()" classname="com.docker.test.DockerTestApplicationTests" time="0.601"/>
  <system-out><![CDATA[16:24:32.883 [Test worker] DEBUG org.springframework.test.context.BootstrapUtils - Instantiating CacheAwareContextLoaderDelegate from class [org.springframework.test.context.cache.DefaultCacheAwareContextLoaderDelegate]
16:24:32.904 [Test worker] DEBUG org.springframework.test.context.BootstrapUtils - Instantiating BootstrapContext using constructor [public org.springframework.test.context.support.DefaultBootstrapContext(java.lang.Class,org.springframework.test.context.CacheAwareContextLoaderDelegate)]
16:24:32.962 [Test worker] DEBUG org.springframework.test.context.BootstrapUtils - Instantiating TestContextBootstrapper for test class [com.docker.test.DockerTestApplicationTests] from class [org.springframework.boot.test.context.SpringBootTestContextBootstrapper]
16:24:32.982 [Test worker] INFO org.springframework.boot.test.context.SpringBootTestContextBootstrapper - Neither @ContextConfiguration nor @ContextHierarchy found for test class [com.docker.test.DockerTestApplicationTests], using SpringBootContextLoader
16:24:32.991 [Test worker] DEBUG org.springframework.test.context.support.AbstractContextLoader - Did not detect default resource location for test class [com.docker.test.DockerTestApplicationTests]: class path resource [com/docker/test/DockerTestApplicationTests-context.xml] does not exist
16:24:32.992 [Test worker] DEBUG org.springframework.test.context.support.AbstractContextLoader - Did not detect default resource location for test class [com.docker.test.DockerTestApplicationTests]: class path resource [com/docker/test/DockerTestApplicationTestsContext.groovy] does not exist
16:24:32.992 [Test worker] INFO org.springframework.test.context.support.AbstractContextLoader - Could not detect default resource locations for test class [com.docker.test.DockerTestApplicationTests]: no resource found for suffixes {-context.xml, Context.groovy}.
16:24:32.993 [Test worker] INFO org.springframework.test.context.support.AnnotationConfigContextLoaderUtils - Could not detect default configuration classes for test class [com.docker.test.DockerTestApplicationTests]: DockerTestApplicationTests does not declare any static, non-private, non-final, nested classes annotated with @Configuration.
16:24:33.076 [Test worker] DEBUG org.springframework.test.context.support.ActiveProfilesUtils - Could not find an 'annotation declaring class' for annotation type [org.springframework.test.context.ActiveProfiles] and class [com.docker.test.DockerTestApplicationTests]
16:24:33.191 [Test worker] DEBUG org.springframework.context.annotation.ClassPathScanningCandidateComponentProvider - Identified candidate component class: file [C:\workspace_skt\dockerTest\build\classes\java\main\com\docker\test\DockerTestApplication.class]
16:24:33.205 [Test worker] INFO org.springframework.boot.test.context.SpringBootTestContextBootstrapper - Found @SpringBootConfiguration com.docker.test.DockerTestApplication for test class com.docker.test.DockerTestApplicationTests
16:24:33.401 [Test worker] DEBUG org.springframework.boot.test.context.SpringBootTestContextBootstrapper - @TestExecutionListeners is not present for class [com.docker.test.DockerTestApplicationTests]: using defaults.
16:24:33.402 [Test worker] INFO org.springframework.boot.test.context.SpringBootTestContextBootstrapper - Loaded default TestExecutionListener class names from location [META-INF/spring.factories]: [org.springframework.boot.test.autoconfigure.restdocs.RestDocsTestExecutionListener, org.springframework.boot.test.autoconfigure.web.client.MockRestServiceServerResetTestExecutionListener, org.springframework.boot.test.autoconfigure.web.servlet.MockMvcPrintOnlyOnFailureTestExecutionListener, org.springframework.boot.test.autoconfigure.web.servlet.WebDriverTestExecutionListener, org.springframework.boot.test.autoconfigure.webservices.client.MockWebServiceServerTestExecutionListener, org.springframework.boot.test.mock.mockito.MockitoTestExecutionListener, org.springframework.boot.test.mock.mockito.ResetMocksTestExecutionListener, org.springframework.test.context.web.ServletTestExecutionListener, org.springframework.test.context.support.DirtiesContextBeforeModesTestExecutionListener, org.springframework.test.context.event.ApplicationEventsTestExecutionListener, org.springframework.test.context.support.DependencyInjectionTestExecutionListener, org.springframework.test.context.support.DirtiesContextTestExecutionListener, org.springframework.test.context.transaction.TransactionalTestExecutionListener, org.springframework.test.context.jdbc.SqlScriptsTestExecutionListener, org.springframework.test.context.event.EventPublishingTestExecutionListener]
16:24:33.424 [Test worker] DEBUG org.springframework.boot.test.context.SpringBootTestContextBootstrapper - Skipping candidate TestExecutionListener [org.springframework.test.context.transaction.TransactionalTestExecutionListener] due to a missing dependency. Specify custom listener classes or make the default listener classes and their required dependencies available. Offending class: [org/springframework/transaction/interceptor/TransactionAttributeSource]
16:24:33.425 [Test worker] DEBUG org.springframework.boot.test.context.SpringBootTestContextBootstrapper - Skipping candidate TestExecutionListener [org.springframework.test.context.jdbc.SqlScriptsTestExecutionListener] due to a missing dependency. Specify custom listener classes or make the default listener classes and their required dependencies available. Offending class: [org/springframework/transaction/interceptor/TransactionAttribute]
16:24:33.425 [Test worker] INFO org.springframework.boot.test.context.SpringBootTestContextBootstrapper - Using TestExecutionListeners: [org.springframework.test.context.web.ServletTestExecutionListener@47747fb9, org.springframework.test.context.support.DirtiesContextBeforeModesTestExecutionListener@3113a37, org.springframework.test.context.event.ApplicationEventsTestExecutionListener@213e3629, org.springframework.boot.test.mock.mockito.MockitoTestExecutionListener@4e9658b5, org.springframework.boot.test.autoconfigure.SpringBootDependencyInjectionTestExecutionListener@2a7b6f69, org.springframework.test.context.support.DirtiesContextTestExecutionListener@20312893, org.springframework.test.context.event.EventPublishingTestExecutionListener@70eecdc2, org.springframework.boot.test.autoconfigure.restdocs.RestDocsTestExecutionListener@c41709a, org.springframework.boot.test.autoconfigure.web.client.MockRestServiceServerResetTestExecutionListener@7db0565c, org.springframework.boot.test.autoconfigure.web.servlet.MockMvcPrintOnlyOnFailureTestExecutionListener@54ec8cc9, org.springframework.boot.test.autoconfigure.web.servlet.WebDriverTestExecutionListener@52eacb4b, org.springframework.boot.test.autoconfigure.webservices.client.MockWebServiceServerTestExecutionListener@5528a42c, org.springframework.boot.test.mock.mockito.ResetMocksTestExecutionListener@2a551a63]
16:24:33.449 [Test worker] DEBUG org.springframework.test.context.support.AbstractDirtiesContextTestExecutionListener - Before test class: context [DefaultTestContext@60d84f61 testClass = DockerTestApplicationTests, testInstance = [null], testMethod = [null], testException = [null], mergedContextConfiguration = [WebMergedContextConfiguration@39c11e6c testClass = DockerTestApplicationTests, locations = '{}', classes = '{class com.docker.test.DockerTestApplication}', contextInitializerClasses = '[]', activeProfiles = '{}', propertySourceLocations = '{}', propertySourceProperties = '{org.springframework.boot.test.context.SpringBootTestContextBootstrapper=true}', contextCustomizers = set[org.springframework.boot.test.autoconfigure.actuate.metrics.MetricsExportContextCustomizerFactory$DisableMetricExportContextCustomizer@17a87e37, org.springframework.boot.test.autoconfigure.properties.PropertyMappingContextCustomizer@0, org.springframework.boot.test.autoconfigure.web.servlet.WebDriverContextCustomizerFactory$Customizer@2974f221, org.springframework.boot.test.context.filter.ExcludeFilterContextCustomizer@4044fb95, org.springframework.boot.test.json.DuplicateJsonObjectContextCustomizerFactory$DuplicateJsonObjectContextCustomizer@1bb564e2, org.springframework.boot.test.mock.mockito.MockitoContextCustomizer@0, org.springframework.boot.test.web.client.TestRestTemplateContextCustomizer@7756c3cd, org.springframework.boot.test.context.SpringBootTestArgs@1, org.springframework.boot.test.context.SpringBootTestWebEnvironment@17d919b6], resourceBasePath = 'src/main/webapp', contextLoader = 'org.springframework.boot.test.context.SpringBootContextLoader', parent = [null]], attributes = map['org.springframework.test.context.web.ServletTestExecutionListener.activateListener' -> true]], class annotated with @DirtiesContext [false] with mode [null].

  .   ____          _            __ _ _
 /\\ / ___'_ __ _ _(_)_ __  __ _ \ \ \ \
( ( )\___ | '_ | '_| | '_ \/ _` | \ \ \ \
 \\/  ___)| |_)| | | | | || (_| |  ) ) ) )
  '  |____| .__|_| |_|_| |_\__, | / / / /
 =========|_|==============|___/=/_/_/_/
 :: Spring Boot ::                (v2.7.2)

2022-08-09 16:24:34.115  INFO 25000 --- [    Test worker] c.d.test.DockerTestApplicationTests      : Starting DockerTestApplicationTests using Java 11.0.14 on YUNDONGSIK with PID 25000 (started by Administrator in C:\workspace_skt\dockerTest)
2022-08-09 16:24:34.117  INFO 25000 --- [    Test worker] c.d.test.DockerTestApplicationTests      : No active profile set, falling back to 1 default profile: "default"
2022-08-09 16:24:36.546  INFO 25000 --- [    Test worker] c.d.test.DockerTestApplicationTests      : Started DockerTestApplicationTests in 2.994 seconds (JVM running for 5.288)
]]></system-out>
  <system-err><![CDATA[]]></system-err>
</testsuite>
